INFO [2025-08-12 13:14:43] $x
INFO [2025-08-12 13:14:43] list(UGC = ugc, PGC = pgc, OGC = ogc)
INFO [2025-08-12 13:14:43] 
INFO [2025-08-12 13:14:43] $category.names
INFO [2025-08-12 13:14:43] c("UGC", "PGC", "OGC")
INFO [2025-08-12 13:14:43] 
INFO [2025-08-12 13:14:43] $filename
INFO [2025-08-12 13:14:43] NULL
INFO [2025-08-12 13:14:43] 
INFO [2025-08-12 13:14:43] $output
INFO [2025-08-12 13:14:43] [1] TRUE
INFO [2025-08-12 13:14:43] 
INFO [2025-08-12 13:14:43] $fill
INFO [2025-08-12 13:14:43] c("lightblue", "lightgreen", "pink")
INFO [2025-08-12 13:14:43] 
INFO [2025-08-12 13:14:43] $cat.cex
INFO [2025-08-12 13:14:43] [1] 1.2
INFO [2025-08-12 13:14:43] 
INFO [2025-08-12 13:14:43] $cex
INFO [2025-08-12 13:14:43] [1] 0
INFO [2025-08-12 13:14:43] 
INFO [2025-08-12 13:14:43] $lwd
INFO [2025-08-12 13:14:43] [1] 2
INFO [2025-08-12 13:14:43] 
