INFO [2025-08-11 20:37:02] $x
INFO [2025-08-11 20:37:02] list(UGC = ugc, PGC = pgc, OGC = ogc)
INFO [2025-08-11 20:37:02] 
INFO [2025-08-11 20:37:02] $category.names
INFO [2025-08-11 20:37:02] c("UGC", "PGC", "OGC")
INFO [2025-08-11 20:37:02] 
INFO [2025-08-11 20:37:02] $filename
INFO [2025-08-11 20:37:02] NULL
INFO [2025-08-11 20:37:02] 
INFO [2025-08-11 20:37:02] $output
INFO [2025-08-11 20:37:02] [1] TRUE
INFO [2025-08-11 20:37:02] 
INFO [2025-08-11 20:37:02] $fill
INFO [2025-08-11 20:37:02] c("lightblue", "lightgreen", "pink")
INFO [2025-08-11 20:37:02] 
INFO [2025-08-11 20:37:02] $cat.cex
INFO [2025-08-11 20:37:02] [1] 1.2
INFO [2025-08-11 20:37:02] 
INFO [2025-08-11 20:37:02] $cex
INFO [2025-08-11 20:37:02] [1] 0
INFO [2025-08-11 20:37:02] 
INFO [2025-08-11 20:37:02] $lwd
INFO [2025-08-11 20:37:02] [1] 2
INFO [2025-08-11 20:37:02] 
