INFO [2025-08-09 10:52:40] $x
INFO [2025-08-09 10:52:40] list(UGC = ugc, PGC = pgc, OGC = ogc)
INFO [2025-08-09 10:52:40] 
INFO [2025-08-09 10:52:40] $category.names
INFO [2025-08-09 10:52:40] c("UGC", "PGC", "OGC")
INFO [2025-08-09 10:52:40] 
INFO [2025-08-09 10:52:40] $filename
INFO [2025-08-09 10:52:40] NULL
INFO [2025-08-09 10:52:40] 
INFO [2025-08-09 10:52:40] $output
INFO [2025-08-09 10:52:40] [1] TRUE
INFO [2025-08-09 10:52:40] 
INFO [2025-08-09 10:52:40] $fill
INFO [2025-08-09 10:52:40] c("lightblue", "lightgreen", "pink")
INFO [2025-08-09 10:52:40] 
INFO [2025-08-09 10:52:40] $cat.cex
INFO [2025-08-09 10:52:40] [1] 1.2
INFO [2025-08-09 10:52:40] 
INFO [2025-08-09 10:52:40] $cex
INFO [2025-08-09 10:52:40] [1] 0
INFO [2025-08-09 10:52:40] 
INFO [2025-08-09 10:52:40] $lwd
INFO [2025-08-09 10:52:40] [1] 2
INFO [2025-08-09 10:52:40] 
