INFO [2025-08-11 20:43:58] $x
INFO [2025-08-11 20:43:58] list(UGC = ugc, PGC = pgc, OGC = ogc)
INFO [2025-08-11 20:43:58] 
INFO [2025-08-11 20:43:58] $category.names
INFO [2025-08-11 20:43:58] c("UGC", "PGC", "OGC")
INFO [2025-08-11 20:43:58] 
INFO [2025-08-11 20:43:58] $filename
INFO [2025-08-11 20:43:58] NULL
INFO [2025-08-11 20:43:58] 
INFO [2025-08-11 20:43:58] $output
INFO [2025-08-11 20:43:58] [1] TRUE
INFO [2025-08-11 20:43:58] 
INFO [2025-08-11 20:43:58] $fill
INFO [2025-08-11 20:43:58] c("lightblue", "lightgreen", "pink")
INFO [2025-08-11 20:43:58] 
INFO [2025-08-11 20:43:58] $cat.cex
INFO [2025-08-11 20:43:58] [1] 1.2
INFO [2025-08-11 20:43:58] 
INFO [2025-08-11 20:43:58] $cex
INFO [2025-08-11 20:43:58] [1] 0
INFO [2025-08-11 20:43:58] 
INFO [2025-08-11 20:43:58] $lwd
INFO [2025-08-11 20:43:58] [1] 2
INFO [2025-08-11 20:43:58] 
