INFO [2025-08-09 11:47:14] $x
INFO [2025-08-09 11:47:14] list(UGC = ugc, PGC = pgc, OGC = ogc)
INFO [2025-08-09 11:47:14] 
INFO [2025-08-09 11:47:14] $category.names
INFO [2025-08-09 11:47:14] c("UGC", "PGC", "OGC")
INFO [2025-08-09 11:47:14] 
INFO [2025-08-09 11:47:14] $filename
INFO [2025-08-09 11:47:14] NULL
INFO [2025-08-09 11:47:14] 
INFO [2025-08-09 11:47:14] $output
INFO [2025-08-09 11:47:14] [1] TRUE
INFO [2025-08-09 11:47:14] 
INFO [2025-08-09 11:47:14] $fill
INFO [2025-08-09 11:47:14] c("lightblue", "lightgreen", "pink")
INFO [2025-08-09 11:47:14] 
INFO [2025-08-09 11:47:14] $cat.cex
INFO [2025-08-09 11:47:14] [1] 1.2
INFO [2025-08-09 11:47:14] 
INFO [2025-08-09 11:47:14] $cex
INFO [2025-08-09 11:47:14] [1] 0
INFO [2025-08-09 11:47:14] 
INFO [2025-08-09 11:47:14] $lwd
INFO [2025-08-09 11:47:14] [1] 2
INFO [2025-08-09 11:47:14] 
