INFO [2025-08-10 16:17:47] $x
INFO [2025-08-10 16:17:47] list(UGC = ugc, PGC = pgc, OGC = ogc)
INFO [2025-08-10 16:17:47] 
INFO [2025-08-10 16:17:47] $category.names
INFO [2025-08-10 16:17:47] c("UGC", "PGC", "OGC")
INFO [2025-08-10 16:17:47] 
INFO [2025-08-10 16:17:47] $filename
INFO [2025-08-10 16:17:47] NULL
INFO [2025-08-10 16:17:47] 
INFO [2025-08-10 16:17:47] $output
INFO [2025-08-10 16:17:47] [1] TRUE
INFO [2025-08-10 16:17:47] 
INFO [2025-08-10 16:17:47] $fill
INFO [2025-08-10 16:17:47] c("lightblue", "lightgreen", "pink")
INFO [2025-08-10 16:17:47] 
INFO [2025-08-10 16:17:47] $cat.cex
INFO [2025-08-10 16:17:47] [1] 1.2
INFO [2025-08-10 16:17:47] 
INFO [2025-08-10 16:17:47] $cex
INFO [2025-08-10 16:17:47] [1] 0
INFO [2025-08-10 16:17:47] 
INFO [2025-08-10 16:17:47] $lwd
INFO [2025-08-10 16:17:47] [1] 2
INFO [2025-08-10 16:17:47] 
