INFO [2025-08-09 10:50:11] $x
INFO [2025-08-09 10:50:11] list(UGC = ugc, PGC = pgc, OGC = ogc)
INFO [2025-08-09 10:50:11] 
INFO [2025-08-09 10:50:11] $category.names
INFO [2025-08-09 10:50:11] c("UGC", "PGC", "OGC")
INFO [2025-08-09 10:50:11] 
INFO [2025-08-09 10:50:11] $filename
INFO [2025-08-09 10:50:11] NULL
INFO [2025-08-09 10:50:11] 
INFO [2025-08-09 10:50:11] $output
INFO [2025-08-09 10:50:11] [1] TRUE
INFO [2025-08-09 10:50:11] 
INFO [2025-08-09 10:50:11] $subsets
INFO [2025-08-09 10:50:11] c("", "", "", "", "", "", "")
INFO [2025-08-09 10:50:11] 
INFO [2025-08-09 10:50:11] $fill
INFO [2025-08-09 10:50:11] c("lightblue", "lightgreen", "pink")
INFO [2025-08-09 10:50:11] 
INFO [2025-08-09 10:50:11] $cat.cex
INFO [2025-08-09 10:50:11] [1] 1.2
INFO [2025-08-09 10:50:11] 
INFO [2025-08-09 10:50:11] $cex
INFO [2025-08-09 10:50:11] [1] 0
INFO [2025-08-09 10:50:11] 
INFO [2025-08-09 10:50:11] $lwd
INFO [2025-08-09 10:50:11] [1] 2
INFO [2025-08-09 10:50:11] 
