INFO [2025-08-13 22:39:53] $x
INFO [2025-08-13 22:39:53] list(UGC = ugc, PGC = pgc, OGC = ogc)
INFO [2025-08-13 22:39:53] 
INFO [2025-08-13 22:39:53] $category.names
INFO [2025-08-13 22:39:53] c("UGC", "PGC", "OGC")
INFO [2025-08-13 22:39:53] 
INFO [2025-08-13 22:39:53] $filename
INFO [2025-08-13 22:39:53] NULL
INFO [2025-08-13 22:39:53] 
INFO [2025-08-13 22:39:53] $output
INFO [2025-08-13 22:39:53] [1] TRUE
INFO [2025-08-13 22:39:53] 
INFO [2025-08-13 22:39:53] $fill
INFO [2025-08-13 22:39:53] c("lightblue", "lightgreen", "pink")
INFO [2025-08-13 22:39:53] 
INFO [2025-08-13 22:39:53] $cat.cex
INFO [2025-08-13 22:39:53] [1] 1.2
INFO [2025-08-13 22:39:53] 
INFO [2025-08-13 22:39:53] $cex
INFO [2025-08-13 22:39:53] [1] 0
INFO [2025-08-13 22:39:53] 
INFO [2025-08-13 22:39:53] $lwd
INFO [2025-08-13 22:39:53] [1] 2
INFO [2025-08-13 22:39:53] 
