INFO [2025-08-10 13:40:18] $x
INFO [2025-08-10 13:40:18] list(UGC = ugc, PGC = pgc, OGC = ogc)
INFO [2025-08-10 13:40:18] 
INFO [2025-08-10 13:40:18] $category.names
INFO [2025-08-10 13:40:18] c("UGC", "PGC", "OGC")
INFO [2025-08-10 13:40:18] 
INFO [2025-08-10 13:40:18] $filename
INFO [2025-08-10 13:40:18] NULL
INFO [2025-08-10 13:40:18] 
INFO [2025-08-10 13:40:18] $output
INFO [2025-08-10 13:40:18] [1] TRUE
INFO [2025-08-10 13:40:18] 
INFO [2025-08-10 13:40:18] $fill
INFO [2025-08-10 13:40:18] c("lightblue", "lightgreen", "pink")
INFO [2025-08-10 13:40:18] 
INFO [2025-08-10 13:40:18] $cat.cex
INFO [2025-08-10 13:40:18] [1] 1.2
INFO [2025-08-10 13:40:18] 
INFO [2025-08-10 13:40:18] $cex
INFO [2025-08-10 13:40:18] [1] 0
INFO [2025-08-10 13:40:18] 
INFO [2025-08-10 13:40:18] $lwd
INFO [2025-08-10 13:40:18] [1] 2
INFO [2025-08-10 13:40:18] 
