INFO [2025-08-09 10:50:17] $x
INFO [2025-08-09 10:50:17] list(UGC = ugc, PGC = pgc, OGC = ogc)
INFO [2025-08-09 10:50:17] 
INFO [2025-08-09 10:50:17] $category.names
INFO [2025-08-09 10:50:17] c("UGC", "PGC", "OGC")
INFO [2025-08-09 10:50:17] 
INFO [2025-08-09 10:50:17] $filename
INFO [2025-08-09 10:50:17] NULL
INFO [2025-08-09 10:50:17] 
INFO [2025-08-09 10:50:17] $output
INFO [2025-08-09 10:50:17] [1] TRUE
INFO [2025-08-09 10:50:17] 
INFO [2025-08-09 10:50:17] $subsets
INFO [2025-08-09 10:50:17] c("", "", "", "", "", "", "")
INFO [2025-08-09 10:50:17] 
INFO [2025-08-09 10:50:17] $fill
INFO [2025-08-09 10:50:17] c("lightblue", "lightgreen", "pink")
INFO [2025-08-09 10:50:17] 
INFO [2025-08-09 10:50:17] $cat.cex
INFO [2025-08-09 10:50:17] [1] 1.2
INFO [2025-08-09 10:50:17] 
INFO [2025-08-09 10:50:17] $cex
INFO [2025-08-09 10:50:17] [1] 0
INFO [2025-08-09 10:50:17] 
INFO [2025-08-09 10:50:17] $lwd
INFO [2025-08-09 10:50:17] [1] 2
INFO [2025-08-09 10:50:17] 
