INFO [2025-08-11 23:19:41] $x
INFO [2025-08-11 23:19:41] list(UGC = ugc, PGC = pgc, OGC = ogc)
INFO [2025-08-11 23:19:41] 
INFO [2025-08-11 23:19:41] $category.names
INFO [2025-08-11 23:19:41] c("UGC", "PGC", "OGC")
INFO [2025-08-11 23:19:41] 
INFO [2025-08-11 23:19:41] $filename
INFO [2025-08-11 23:19:41] NULL
INFO [2025-08-11 23:19:41] 
INFO [2025-08-11 23:19:41] $output
INFO [2025-08-11 23:19:41] [1] TRUE
INFO [2025-08-11 23:19:41] 
INFO [2025-08-11 23:19:41] $fill
INFO [2025-08-11 23:19:41] c("lightblue", "lightgreen", "pink")
INFO [2025-08-11 23:19:41] 
INFO [2025-08-11 23:19:41] $cat.cex
INFO [2025-08-11 23:19:41] [1] 1.2
INFO [2025-08-11 23:19:41] 
INFO [2025-08-11 23:19:41] $cex
INFO [2025-08-11 23:19:41] [1] 0
INFO [2025-08-11 23:19:41] 
INFO [2025-08-11 23:19:41] $lwd
INFO [2025-08-11 23:19:41] [1] 2
INFO [2025-08-11 23:19:41] 
