INFO [2025-08-09 10:49:12] $x
INFO [2025-08-09 10:49:12] list(UGC = ugc, PGC = pgc, OGC = ogc)
INFO [2025-08-09 10:49:12] 
INFO [2025-08-09 10:49:12] $category.names
INFO [2025-08-09 10:49:12] c("UGC", "PGC", "OGC")
INFO [2025-08-09 10:49:12] 
INFO [2025-08-09 10:49:12] $filename
INFO [2025-08-09 10:49:12] NULL
INFO [2025-08-09 10:49:12] 
INFO [2025-08-09 10:49:12] $output
INFO [2025-08-09 10:49:12] [1] TRUE
INFO [2025-08-09 10:49:12] 
INFO [2025-08-09 10:49:12] $subsets
INFO [2025-08-09 10:49:12] c("", "", "", "", "", "", "")
INFO [2025-08-09 10:49:12] 
INFO [2025-08-09 10:49:12] $fill
INFO [2025-08-09 10:49:12] c("lightblue", "lightgreen", "pink")
INFO [2025-08-09 10:49:12] 
INFO [2025-08-09 10:49:12] $cat.cex
INFO [2025-08-09 10:49:12] [1] 1.2
INFO [2025-08-09 10:49:12] 
INFO [2025-08-09 10:49:12] $cex
INFO [2025-08-09 10:49:12] [1] 1.2
INFO [2025-08-09 10:49:12] 
INFO [2025-08-09 10:49:12] $lwd
INFO [2025-08-09 10:49:12] [1] 2
INFO [2025-08-09 10:49:12] 
