INFO [2025-08-09 15:21:55] $x
INFO [2025-08-09 15:21:55] list(UGC = ugc, PGC = pgc, OGC = ogc)
INFO [2025-08-09 15:21:55] 
INFO [2025-08-09 15:21:55] $category.names
INFO [2025-08-09 15:21:55] c("UGC", "PGC", "OGC")
INFO [2025-08-09 15:21:55] 
INFO [2025-08-09 15:21:55] $filename
INFO [2025-08-09 15:21:55] NULL
INFO [2025-08-09 15:21:55] 
INFO [2025-08-09 15:21:55] $output
INFO [2025-08-09 15:21:55] [1] TRUE
INFO [2025-08-09 15:21:55] 
INFO [2025-08-09 15:21:55] $fill
INFO [2025-08-09 15:21:55] c("lightblue", "lightgreen", "pink")
INFO [2025-08-09 15:21:55] 
INFO [2025-08-09 15:21:55] $cat.cex
INFO [2025-08-09 15:21:55] [1] 1.2
INFO [2025-08-09 15:21:55] 
INFO [2025-08-09 15:21:55] $cex
INFO [2025-08-09 15:21:55] [1] 0
INFO [2025-08-09 15:21:55] 
INFO [2025-08-09 15:21:55] $lwd
INFO [2025-08-09 15:21:55] [1] 2
INFO [2025-08-09 15:21:55] 
