INFO [2025-08-09 16:22:19] $x
INFO [2025-08-09 16:22:19] list(UGC = ugc, PGC = pgc, OGC = ogc)
INFO [2025-08-09 16:22:19] 
INFO [2025-08-09 16:22:19] $category.names
INFO [2025-08-09 16:22:19] c("UGC", "PGC", "OGC")
INFO [2025-08-09 16:22:19] 
INFO [2025-08-09 16:22:19] $filename
INFO [2025-08-09 16:22:19] NULL
INFO [2025-08-09 16:22:19] 
INFO [2025-08-09 16:22:19] $output
INFO [2025-08-09 16:22:19] [1] TRUE
INFO [2025-08-09 16:22:19] 
INFO [2025-08-09 16:22:19] $fill
INFO [2025-08-09 16:22:19] c("lightblue", "lightgreen", "pink")
INFO [2025-08-09 16:22:19] 
INFO [2025-08-09 16:22:19] $cat.cex
INFO [2025-08-09 16:22:19] [1] 1.2
INFO [2025-08-09 16:22:19] 
INFO [2025-08-09 16:22:19] $cex
INFO [2025-08-09 16:22:19] [1] 0
INFO [2025-08-09 16:22:19] 
INFO [2025-08-09 16:22:19] $lwd
INFO [2025-08-09 16:22:19] [1] 2
INFO [2025-08-09 16:22:19] 
