INFO [2025-08-09 16:01:27] $x
INFO [2025-08-09 16:01:27] list(UGC = ugc, PGC = pgc, OGC = ogc)
INFO [2025-08-09 16:01:27] 
INFO [2025-08-09 16:01:27] $category.names
INFO [2025-08-09 16:01:27] c("UGC", "PGC", "OGC")
INFO [2025-08-09 16:01:27] 
INFO [2025-08-09 16:01:27] $filename
INFO [2025-08-09 16:01:27] NULL
INFO [2025-08-09 16:01:27] 
INFO [2025-08-09 16:01:27] $output
INFO [2025-08-09 16:01:27] [1] TRUE
INFO [2025-08-09 16:01:27] 
INFO [2025-08-09 16:01:27] $fill
INFO [2025-08-09 16:01:27] c("lightblue", "lightgreen", "pink")
INFO [2025-08-09 16:01:27] 
INFO [2025-08-09 16:01:27] $cat.cex
INFO [2025-08-09 16:01:27] [1] 1.2
INFO [2025-08-09 16:01:27] 
INFO [2025-08-09 16:01:27] $cex
INFO [2025-08-09 16:01:27] [1] 0
INFO [2025-08-09 16:01:27] 
INFO [2025-08-09 16:01:27] $lwd
INFO [2025-08-09 16:01:27] [1] 2
INFO [2025-08-09 16:01:27] 
