INFO [2025-08-09 11:47:38] $x
INFO [2025-08-09 11:47:38] list(UGC = ugc, PGC = pgc, OGC = ogc)
INFO [2025-08-09 11:47:38] 
INFO [2025-08-09 11:47:38] $category.names
INFO [2025-08-09 11:47:38] c("UGC", "PGC", "OGC")
INFO [2025-08-09 11:47:38] 
INFO [2025-08-09 11:47:38] $filename
INFO [2025-08-09 11:47:38] NULL
INFO [2025-08-09 11:47:38] 
INFO [2025-08-09 11:47:38] $output
INFO [2025-08-09 11:47:38] [1] TRUE
INFO [2025-08-09 11:47:38] 
INFO [2025-08-09 11:47:38] $fill
INFO [2025-08-09 11:47:38] c("lightblue", "lightgreen", "pink")
INFO [2025-08-09 11:47:38] 
INFO [2025-08-09 11:47:38] $cat.cex
INFO [2025-08-09 11:47:38] [1] 1.2
INFO [2025-08-09 11:47:38] 
INFO [2025-08-09 11:47:38] $cex
INFO [2025-08-09 11:47:38] [1] 0
INFO [2025-08-09 11:47:38] 
INFO [2025-08-09 11:47:38] $lwd
INFO [2025-08-09 11:47:38] [1] 2
INFO [2025-08-09 11:47:38] 
