INFO [2025-08-09 10:48:01] $x
INFO [2025-08-09 10:48:01] list(UGC = ugc, PGC = pgc, OGC = ogc)
INFO [2025-08-09 10:48:01] 
INFO [2025-08-09 10:48:01] $category.names
INFO [2025-08-09 10:48:01] c("UGC", "PGC", "OGC")
INFO [2025-08-09 10:48:01] 
INFO [2025-08-09 10:48:01] $filename
INFO [2025-08-09 10:48:01] NULL
INFO [2025-08-09 10:48:01] 
INFO [2025-08-09 10:48:01] $output
INFO [2025-08-09 10:48:01] [1] TRUE
INFO [2025-08-09 10:48:01] 
INFO [2025-08-09 10:48:01] $fill
INFO [2025-08-09 10:48:01] c("lightblue", "lightgreen", "pink")
INFO [2025-08-09 10:48:01] 
INFO [2025-08-09 10:48:01] $cat.cex
INFO [2025-08-09 10:48:01] [1] 1.2
INFO [2025-08-09 10:48:01] 
INFO [2025-08-09 10:48:01] $cex
INFO [2025-08-09 10:48:01] [1] 1.2
INFO [2025-08-09 10:48:01] 
INFO [2025-08-09 10:48:01] $lwd
INFO [2025-08-09 10:48:01] [1] 2
INFO [2025-08-09 10:48:01] 
