INFO [2025-08-13 22:38:30] $x
INFO [2025-08-13 22:38:30] list(UGC = ugc, PGC = pgc, OGC = ogc)
INFO [2025-08-13 22:38:30] 
INFO [2025-08-13 22:38:30] $category.names
INFO [2025-08-13 22:38:30] c("UGC", "PGC", "OGC")
INFO [2025-08-13 22:38:30] 
INFO [2025-08-13 22:38:30] $filename
INFO [2025-08-13 22:38:30] NULL
INFO [2025-08-13 22:38:30] 
INFO [2025-08-13 22:38:30] $output
INFO [2025-08-13 22:38:30] [1] TRUE
INFO [2025-08-13 22:38:30] 
INFO [2025-08-13 22:38:30] $fill
INFO [2025-08-13 22:38:30] c("lightblue", "lightgreen", "pink")
INFO [2025-08-13 22:38:30] 
INFO [2025-08-13 22:38:30] $cat.cex
INFO [2025-08-13 22:38:30] [1] 1.2
INFO [2025-08-13 22:38:30] 
INFO [2025-08-13 22:38:30] $cex
INFO [2025-08-13 22:38:30] [1] 0
INFO [2025-08-13 22:38:30] 
INFO [2025-08-13 22:38:30] $lwd
INFO [2025-08-13 22:38:30] [1] 2
INFO [2025-08-13 22:38:30] 
