INFO [2025-08-09 10:49:20] $x
INFO [2025-08-09 10:49:20] list(UGC = ugc, PGC = pgc, OGC = ogc)
INFO [2025-08-09 10:49:20] 
INFO [2025-08-09 10:49:20] $category.names
INFO [2025-08-09 10:49:20] c("UGC", "PGC", "OGC")
INFO [2025-08-09 10:49:20] 
INFO [2025-08-09 10:49:20] $filename
INFO [2025-08-09 10:49:20] NULL
INFO [2025-08-09 10:49:20] 
INFO [2025-08-09 10:49:20] $output
INFO [2025-08-09 10:49:20] [1] TRUE
INFO [2025-08-09 10:49:20] 
INFO [2025-08-09 10:49:20] $subsets
INFO [2025-08-09 10:49:20] c("", "", "", "", "", "", "")
INFO [2025-08-09 10:49:20] 
INFO [2025-08-09 10:49:20] $fill
INFO [2025-08-09 10:49:20] c("lightblue", "lightgreen", "pink")
INFO [2025-08-09 10:49:20] 
INFO [2025-08-09 10:49:20] $cat.cex
INFO [2025-08-09 10:49:20] [1] 1.2
INFO [2025-08-09 10:49:20] 
INFO [2025-08-09 10:49:20] $cex
INFO [2025-08-09 10:49:20] [1] 1.2
INFO [2025-08-09 10:49:20] 
INFO [2025-08-09 10:49:20] $lwd
INFO [2025-08-09 10:49:20] [1] 2
INFO [2025-08-09 10:49:20] 
