INFO [2025-08-09 10:59:09] $x
INFO [2025-08-09 10:59:09] list(UGC = ugc, PGC = pgc, OGC = ogc)
INFO [2025-08-09 10:59:09] 
INFO [2025-08-09 10:59:09] $category.names
INFO [2025-08-09 10:59:09] c("UGC", "PGC", "OGC")
INFO [2025-08-09 10:59:09] 
INFO [2025-08-09 10:59:09] $filename
INFO [2025-08-09 10:59:09] NULL
INFO [2025-08-09 10:59:09] 
INFO [2025-08-09 10:59:09] $output
INFO [2025-08-09 10:59:09] [1] TRUE
INFO [2025-08-09 10:59:09] 
INFO [2025-08-09 10:59:09] $fill
INFO [2025-08-09 10:59:09] c("lightblue", "lightgreen", "pink")
INFO [2025-08-09 10:59:09] 
INFO [2025-08-09 10:59:09] $cat.cex
INFO [2025-08-09 10:59:09] [1] 1.2
INFO [2025-08-09 10:59:09] 
INFO [2025-08-09 10:59:09] $cex
INFO [2025-08-09 10:59:09] [1] 0
INFO [2025-08-09 10:59:09] 
INFO [2025-08-09 10:59:09] $lwd
INFO [2025-08-09 10:59:09] [1] 2
INFO [2025-08-09 10:59:09] 
