INFO [2025-08-09 10:54:24] $x
INFO [2025-08-09 10:54:24] list(UGC = ugc, PGC = pgc, OGC = ogc)
INFO [2025-08-09 10:54:24] 
INFO [2025-08-09 10:54:24] $category.names
INFO [2025-08-09 10:54:24] c("UGC", "PGC", "OGC")
INFO [2025-08-09 10:54:24] 
INFO [2025-08-09 10:54:24] $filename
INFO [2025-08-09 10:54:24] NULL
INFO [2025-08-09 10:54:24] 
INFO [2025-08-09 10:54:24] $output
INFO [2025-08-09 10:54:24] [1] TRUE
INFO [2025-08-09 10:54:24] 
INFO [2025-08-09 10:54:24] $fill
INFO [2025-08-09 10:54:24] c("lightblue", "lightgreen", "pink")
INFO [2025-08-09 10:54:24] 
INFO [2025-08-09 10:54:24] $cat.cex
INFO [2025-08-09 10:54:24] [1] 1.2
INFO [2025-08-09 10:54:24] 
INFO [2025-08-09 10:54:24] $cex
INFO [2025-08-09 10:54:24] [1] 0
INFO [2025-08-09 10:54:24] 
INFO [2025-08-09 10:54:24] $lwd
INFO [2025-08-09 10:54:24] [1] 2
INFO [2025-08-09 10:54:24] 
