INFO [2025-08-09 15:33:26] $x
INFO [2025-08-09 15:33:26] list(UGC = ugc, PGC = pgc, OGC = ogc)
INFO [2025-08-09 15:33:26] 
INFO [2025-08-09 15:33:26] $category.names
INFO [2025-08-09 15:33:26] c("UGC", "PGC", "OGC")
INFO [2025-08-09 15:33:26] 
INFO [2025-08-09 15:33:26] $filename
INFO [2025-08-09 15:33:26] NULL
INFO [2025-08-09 15:33:26] 
INFO [2025-08-09 15:33:26] $output
INFO [2025-08-09 15:33:26] [1] TRUE
INFO [2025-08-09 15:33:26] 
INFO [2025-08-09 15:33:26] $fill
INFO [2025-08-09 15:33:26] c("lightblue", "lightgreen", "pink")
INFO [2025-08-09 15:33:26] 
INFO [2025-08-09 15:33:26] $cat.cex
INFO [2025-08-09 15:33:26] [1] 1.2
INFO [2025-08-09 15:33:26] 
INFO [2025-08-09 15:33:26] $cex
INFO [2025-08-09 15:33:26] [1] 0
INFO [2025-08-09 15:33:26] 
INFO [2025-08-09 15:33:26] $lwd
INFO [2025-08-09 15:33:26] [1] 2
INFO [2025-08-09 15:33:26] 
