INFO [2025-08-10 20:03:34] $x
INFO [2025-08-10 20:03:34] list(UGC = ugc, PGC = pgc, OGC = ogc)
INFO [2025-08-10 20:03:34] 
INFO [2025-08-10 20:03:34] $category.names
INFO [2025-08-10 20:03:34] c("UGC", "PGC", "OGC")
INFO [2025-08-10 20:03:34] 
INFO [2025-08-10 20:03:34] $filename
INFO [2025-08-10 20:03:34] NULL
INFO [2025-08-10 20:03:34] 
INFO [2025-08-10 20:03:34] $output
INFO [2025-08-10 20:03:34] [1] TRUE
INFO [2025-08-10 20:03:34] 
INFO [2025-08-10 20:03:34] $fill
INFO [2025-08-10 20:03:34] c("lightblue", "lightgreen", "pink")
INFO [2025-08-10 20:03:34] 
INFO [2025-08-10 20:03:34] $cat.cex
INFO [2025-08-10 20:03:34] [1] 1.2
INFO [2025-08-10 20:03:34] 
INFO [2025-08-10 20:03:34] $cex
INFO [2025-08-10 20:03:34] [1] 0
INFO [2025-08-10 20:03:34] 
INFO [2025-08-10 20:03:34] $lwd
INFO [2025-08-10 20:03:34] [1] 2
INFO [2025-08-10 20:03:34] 
