INFO [2025-08-09 15:31:54] $x
INFO [2025-08-09 15:31:54] list(UGC = ugc, PGC = pgc, OGC = ogc)
INFO [2025-08-09 15:31:54] 
INFO [2025-08-09 15:31:54] $category.names
INFO [2025-08-09 15:31:54] c("UGC", "PGC", "OGC")
INFO [2025-08-09 15:31:54] 
INFO [2025-08-09 15:31:54] $filename
INFO [2025-08-09 15:31:54] NULL
INFO [2025-08-09 15:31:54] 
INFO [2025-08-09 15:31:54] $output
INFO [2025-08-09 15:31:54] [1] TRUE
INFO [2025-08-09 15:31:54] 
INFO [2025-08-09 15:31:54] $fill
INFO [2025-08-09 15:31:54] c("lightblue", "lightgreen", "pink")
INFO [2025-08-09 15:31:54] 
INFO [2025-08-09 15:31:54] $cat.cex
INFO [2025-08-09 15:31:54] [1] 1.2
INFO [2025-08-09 15:31:54] 
INFO [2025-08-09 15:31:54] $cex
INFO [2025-08-09 15:31:54] [1] 0
INFO [2025-08-09 15:31:54] 
INFO [2025-08-09 15:31:54] $lwd
INFO [2025-08-09 15:31:54] [1] 2
INFO [2025-08-09 15:31:54] 
