INFO [2025-08-12 13:21:31] $x
INFO [2025-08-12 13:21:31] list(UGC = ugc, PGC = pgc, OGC = ogc)
INFO [2025-08-12 13:21:31] 
INFO [2025-08-12 13:21:31] $category.names
INFO [2025-08-12 13:21:31] c("UGC", "PGC", "OGC")
INFO [2025-08-12 13:21:31] 
INFO [2025-08-12 13:21:31] $filename
INFO [2025-08-12 13:21:31] NULL
INFO [2025-08-12 13:21:31] 
INFO [2025-08-12 13:21:31] $output
INFO [2025-08-12 13:21:31] [1] TRUE
INFO [2025-08-12 13:21:31] 
INFO [2025-08-12 13:21:31] $fill
INFO [2025-08-12 13:21:31] c("lightblue", "lightgreen", "pink")
INFO [2025-08-12 13:21:31] 
INFO [2025-08-12 13:21:31] $cat.cex
INFO [2025-08-12 13:21:31] [1] 1.2
INFO [2025-08-12 13:21:31] 
INFO [2025-08-12 13:21:31] $cex
INFO [2025-08-12 13:21:31] [1] 0
INFO [2025-08-12 13:21:31] 
INFO [2025-08-12 13:21:31] $lwd
INFO [2025-08-12 13:21:31] [1] 2
INFO [2025-08-12 13:21:31] 
