INFO [2025-08-09 10:52:05] $x
INFO [2025-08-09 10:52:05] list(UGC = ugc, PGC = pgc, OGC = ogc)
INFO [2025-08-09 10:52:05] 
INFO [2025-08-09 10:52:05] $category.names
INFO [2025-08-09 10:52:05] c("", "", "")
INFO [2025-08-09 10:52:05] 
INFO [2025-08-09 10:52:05] $filename
INFO [2025-08-09 10:52:05] NULL
INFO [2025-08-09 10:52:05] 
INFO [2025-08-09 10:52:05] $output
INFO [2025-08-09 10:52:05] [1] TRUE
INFO [2025-08-09 10:52:05] 
INFO [2025-08-09 10:52:05] $subsets
INFO [2025-08-09 10:52:05] c("UGC", "", "", "PGC", "", "", "OGC")
INFO [2025-08-09 10:52:05] 
INFO [2025-08-09 10:52:05] $fill
INFO [2025-08-09 10:52:05] c("lightblue", "lightgreen", "pink")
INFO [2025-08-09 10:52:05] 
INFO [2025-08-09 10:52:05] $cat.cex
INFO [2025-08-09 10:52:05] [1] 1
INFO [2025-08-09 10:52:05] 
INFO [2025-08-09 10:52:05] $cex
INFO [2025-08-09 10:52:05] [1] 0
INFO [2025-08-09 10:52:05] 
INFO [2025-08-09 10:52:05] $lwd
INFO [2025-08-09 10:52:05] [1] 2
INFO [2025-08-09 10:52:05] 
