INFO [2025-08-12 13:13:15] $x
INFO [2025-08-12 13:13:15] list(UGC = ugc, PGC = pgc, OGC = ogc)
INFO [2025-08-12 13:13:15] 
INFO [2025-08-12 13:13:15] $category.names
INFO [2025-08-12 13:13:15] c("UGC", "PGC", "OGC")
INFO [2025-08-12 13:13:15] 
INFO [2025-08-12 13:13:15] $filename
INFO [2025-08-12 13:13:15] NULL
INFO [2025-08-12 13:13:15] 
INFO [2025-08-12 13:13:15] $output
INFO [2025-08-12 13:13:15] [1] TRUE
INFO [2025-08-12 13:13:15] 
INFO [2025-08-12 13:13:15] $fill
INFO [2025-08-12 13:13:15] c("lightblue", "lightgreen", "pink")
INFO [2025-08-12 13:13:15] 
INFO [2025-08-12 13:13:15] $cat.cex
INFO [2025-08-12 13:13:15] [1] 1.2
INFO [2025-08-12 13:13:15] 
INFO [2025-08-12 13:13:15] $cex
INFO [2025-08-12 13:13:15] [1] 0
INFO [2025-08-12 13:13:15] 
INFO [2025-08-12 13:13:15] $lwd
INFO [2025-08-12 13:13:15] [1] 2
INFO [2025-08-12 13:13:15] 
