INFO [2025-08-09 15:21:44] $x
INFO [2025-08-09 15:21:44] list(UGC = ugc, PGC = pgc, OGC = ogc)
INFO [2025-08-09 15:21:44] 
INFO [2025-08-09 15:21:44] $category.names
INFO [2025-08-09 15:21:44] c("UGC", "PGC", "OGC")
INFO [2025-08-09 15:21:44] 
INFO [2025-08-09 15:21:44] $filename
INFO [2025-08-09 15:21:44] NULL
INFO [2025-08-09 15:21:44] 
INFO [2025-08-09 15:21:44] $output
INFO [2025-08-09 15:21:44] [1] TRUE
INFO [2025-08-09 15:21:44] 
INFO [2025-08-09 15:21:44] $fill
INFO [2025-08-09 15:21:44] c("lightblue", "lightgreen", "pink")
INFO [2025-08-09 15:21:44] 
INFO [2025-08-09 15:21:44] $cat.cex
INFO [2025-08-09 15:21:44] [1] 1.2
INFO [2025-08-09 15:21:44] 
INFO [2025-08-09 15:21:44] $cex
INFO [2025-08-09 15:21:44] [1] 0
INFO [2025-08-09 15:21:44] 
INFO [2025-08-09 15:21:44] $lwd
INFO [2025-08-09 15:21:44] [1] 2
INFO [2025-08-09 15:21:44] 
