INFO [2025-08-10 16:17:51] $x
INFO [2025-08-10 16:17:51] list(UGC = ugc, PGC = pgc, OGC = ogc)
INFO [2025-08-10 16:17:51] 
INFO [2025-08-10 16:17:51] $category.names
INFO [2025-08-10 16:17:51] c("UGC", "PGC", "OGC")
INFO [2025-08-10 16:17:51] 
INFO [2025-08-10 16:17:51] $filename
INFO [2025-08-10 16:17:51] NULL
INFO [2025-08-10 16:17:51] 
INFO [2025-08-10 16:17:51] $output
INFO [2025-08-10 16:17:51] [1] TRUE
INFO [2025-08-10 16:17:51] 
INFO [2025-08-10 16:17:51] $fill
INFO [2025-08-10 16:17:51] c("lightblue", "lightgreen", "pink")
INFO [2025-08-10 16:17:51] 
INFO [2025-08-10 16:17:51] $cat.cex
INFO [2025-08-10 16:17:51] [1] 1.2
INFO [2025-08-10 16:17:51] 
INFO [2025-08-10 16:17:51] $cex
INFO [2025-08-10 16:17:51] [1] 0
INFO [2025-08-10 16:17:51] 
INFO [2025-08-10 16:17:51] $lwd
INFO [2025-08-10 16:17:51] [1] 2
INFO [2025-08-10 16:17:51] 
