INFO [2025-08-09 16:15:28] $x
INFO [2025-08-09 16:15:28] list(UGC = ugc, PGC = pgc, OGC = ogc)
INFO [2025-08-09 16:15:28] 
INFO [2025-08-09 16:15:28] $category.names
INFO [2025-08-09 16:15:28] c("UGC", "PGC", "OGC")
INFO [2025-08-09 16:15:28] 
INFO [2025-08-09 16:15:28] $filename
INFO [2025-08-09 16:15:28] NULL
INFO [2025-08-09 16:15:28] 
INFO [2025-08-09 16:15:28] $output
INFO [2025-08-09 16:15:28] [1] TRUE
INFO [2025-08-09 16:15:28] 
INFO [2025-08-09 16:15:28] $fill
INFO [2025-08-09 16:15:28] c("lightblue", "lightgreen", "pink")
INFO [2025-08-09 16:15:28] 
INFO [2025-08-09 16:15:28] $cat.cex
INFO [2025-08-09 16:15:28] [1] 1.2
INFO [2025-08-09 16:15:28] 
INFO [2025-08-09 16:15:28] $cex
INFO [2025-08-09 16:15:28] [1] 0
INFO [2025-08-09 16:15:28] 
INFO [2025-08-09 16:15:28] $lwd
INFO [2025-08-09 16:15:28] [1] 2
INFO [2025-08-09 16:15:28] 
