INFO [2025-08-08 23:51:00] $x
INFO [2025-08-08 23:51:00] list(UGC = ugc, PGC = pgc, OGC = ogc)
INFO [2025-08-08 23:51:00] 
INFO [2025-08-08 23:51:00] $category.names
INFO [2025-08-08 23:51:00] c("UGC", "PGC", "OGC")
INFO [2025-08-08 23:51:00] 
INFO [2025-08-08 23:51:00] $filename
INFO [2025-08-08 23:51:00] NULL
INFO [2025-08-08 23:51:00] 
INFO [2025-08-08 23:51:00] $output
INFO [2025-08-08 23:51:00] [1] TRUE
INFO [2025-08-08 23:51:00] 
INFO [2025-08-08 23:51:00] $fill
INFO [2025-08-08 23:51:00] c("lightblue", "lightgreen", "pink")
INFO [2025-08-08 23:51:00] 
INFO [2025-08-08 23:51:00] $cat.cex
INFO [2025-08-08 23:51:00] [1] 1.2
INFO [2025-08-08 23:51:00] 
INFO [2025-08-08 23:51:00] $cex
INFO [2025-08-08 23:51:00] [1] 1.2
INFO [2025-08-08 23:51:00] 
INFO [2025-08-08 23:51:00] $lwd
INFO [2025-08-08 23:51:00] [1] 2
INFO [2025-08-08 23:51:00] 
