INFO [2025-08-10 13:40:13] $x
INFO [2025-08-10 13:40:13] list(UGC = ugc, PGC = pgc, OGC = ogc)
INFO [2025-08-10 13:40:13] 
INFO [2025-08-10 13:40:13] $category.names
INFO [2025-08-10 13:40:13] c("UGC", "PGC", "OGC")
INFO [2025-08-10 13:40:13] 
INFO [2025-08-10 13:40:13] $filename
INFO [2025-08-10 13:40:13] NULL
INFO [2025-08-10 13:40:13] 
INFO [2025-08-10 13:40:13] $output
INFO [2025-08-10 13:40:13] [1] TRUE
INFO [2025-08-10 13:40:13] 
INFO [2025-08-10 13:40:13] $fill
INFO [2025-08-10 13:40:13] c("lightblue", "lightgreen", "pink")
INFO [2025-08-10 13:40:13] 
INFO [2025-08-10 13:40:13] $cat.cex
INFO [2025-08-10 13:40:13] [1] 1.2
INFO [2025-08-10 13:40:13] 
INFO [2025-08-10 13:40:13] $cex
INFO [2025-08-10 13:40:13] [1] 0
INFO [2025-08-10 13:40:13] 
INFO [2025-08-10 13:40:13] $lwd
INFO [2025-08-10 13:40:13] [1] 2
INFO [2025-08-10 13:40:13] 
