INFO [2025-08-13 22:51:05] $x
INFO [2025-08-13 22:51:05] list(UGC = ugc, PGC = pgc, OGC = ogc)
INFO [2025-08-13 22:51:05] 
INFO [2025-08-13 22:51:05] $category.names
INFO [2025-08-13 22:51:05] c("UGC", "PGC", "OGC")
INFO [2025-08-13 22:51:05] 
INFO [2025-08-13 22:51:05] $filename
INFO [2025-08-13 22:51:05] NULL
INFO [2025-08-13 22:51:05] 
INFO [2025-08-13 22:51:05] $output
INFO [2025-08-13 22:51:05] [1] TRUE
INFO [2025-08-13 22:51:05] 
INFO [2025-08-13 22:51:05] $fill
INFO [2025-08-13 22:51:05] c("lightblue", "lightgreen", "pink")
INFO [2025-08-13 22:51:05] 
INFO [2025-08-13 22:51:05] $cat.cex
INFO [2025-08-13 22:51:05] [1] 1.2
INFO [2025-08-13 22:51:05] 
INFO [2025-08-13 22:51:05] $cex
INFO [2025-08-13 22:51:05] [1] 0
INFO [2025-08-13 22:51:05] 
INFO [2025-08-13 22:51:05] $lwd
INFO [2025-08-13 22:51:05] [1] 2
INFO [2025-08-13 22:51:05] 
