INFO [2025-08-09 16:12:42] $x
INFO [2025-08-09 16:12:42] list(UGC = ugc, PGC = pgc, OGC = ogc)
INFO [2025-08-09 16:12:42] 
INFO [2025-08-09 16:12:42] $category.names
INFO [2025-08-09 16:12:42] c("UGC", "PGC", "OGC")
INFO [2025-08-09 16:12:42] 
INFO [2025-08-09 16:12:42] $filename
INFO [2025-08-09 16:12:42] NULL
INFO [2025-08-09 16:12:42] 
INFO [2025-08-09 16:12:42] $output
INFO [2025-08-09 16:12:42] [1] TRUE
INFO [2025-08-09 16:12:42] 
INFO [2025-08-09 16:12:42] $fill
INFO [2025-08-09 16:12:42] c("lightblue", "lightgreen", "pink")
INFO [2025-08-09 16:12:42] 
INFO [2025-08-09 16:12:42] $cat.cex
INFO [2025-08-09 16:12:42] [1] 1.2
INFO [2025-08-09 16:12:42] 
INFO [2025-08-09 16:12:42] $cex
INFO [2025-08-09 16:12:42] [1] 0
INFO [2025-08-09 16:12:42] 
INFO [2025-08-09 16:12:42] $lwd
INFO [2025-08-09 16:12:42] [1] 2
INFO [2025-08-09 16:12:42] 
