INFO [2025-08-15 12:52:10] $x
INFO [2025-08-15 12:52:10] list(UGC = ugc, PGC = pgc, OGC = ogc)
INFO [2025-08-15 12:52:10] 
INFO [2025-08-15 12:52:10] $category.names
INFO [2025-08-15 12:52:10] c("UGC", "PGC", "OGC")
INFO [2025-08-15 12:52:10] 
INFO [2025-08-15 12:52:10] $filename
INFO [2025-08-15 12:52:10] NULL
INFO [2025-08-15 12:52:10] 
INFO [2025-08-15 12:52:10] $output
INFO [2025-08-15 12:52:10] [1] TRUE
INFO [2025-08-15 12:52:10] 
INFO [2025-08-15 12:52:10] $fill
INFO [2025-08-15 12:52:10] c("lightblue", "lightgreen", "pink")
INFO [2025-08-15 12:52:10] 
INFO [2025-08-15 12:52:10] $cat.cex
INFO [2025-08-15 12:52:10] [1] 1.2
INFO [2025-08-15 12:52:10] 
INFO [2025-08-15 12:52:10] $cex
INFO [2025-08-15 12:52:10] [1] 0
INFO [2025-08-15 12:52:10] 
INFO [2025-08-15 12:52:10] $lwd
INFO [2025-08-15 12:52:10] [1] 2
INFO [2025-08-15 12:52:10] 
