INFO [2025-08-11 00:27:37] $x
INFO [2025-08-11 00:27:37] list(UGC = ugc, PGC = pgc, OGC = ogc)
INFO [2025-08-11 00:27:37] 
INFO [2025-08-11 00:27:37] $category.names
INFO [2025-08-11 00:27:37] c("UGC", "PGC", "OGC")
INFO [2025-08-11 00:27:37] 
INFO [2025-08-11 00:27:37] $filename
INFO [2025-08-11 00:27:37] NULL
INFO [2025-08-11 00:27:37] 
INFO [2025-08-11 00:27:37] $output
INFO [2025-08-11 00:27:37] [1] TRUE
INFO [2025-08-11 00:27:37] 
INFO [2025-08-11 00:27:37] $fill
INFO [2025-08-11 00:27:37] c("lightblue", "lightgreen", "pink")
INFO [2025-08-11 00:27:37] 
INFO [2025-08-11 00:27:37] $cat.cex
INFO [2025-08-11 00:27:37] [1] 1.2
INFO [2025-08-11 00:27:37] 
INFO [2025-08-11 00:27:37] $cex
INFO [2025-08-11 00:27:37] [1] 0
INFO [2025-08-11 00:27:37] 
INFO [2025-08-11 00:27:37] $lwd
INFO [2025-08-11 00:27:37] [1] 2
INFO [2025-08-11 00:27:37] 
